platforms/android/app/build/intermediates/manifest_merge_blame_file/debug/manifest-merger-blame-debug-report.txt
1<?xml version="1.0" encoding="utf-8"?>
2<manifest xmlns:android="http://schemas.android.com/apk/res/android"
3    package="org.nativescript.prueba"
4    android:versionCode="10000"
5    android:versionName="1.0" >
6
7    <uses-sdk
8        android:minSdkVersion="19"
8-->src\main\AndroidManifest.xml
9        android:targetSdkVersion="29" />
9-->src\main\AndroidManifest.xml
10
11    <supports-screens
11-->src\main\AndroidManifest.xml:7:2-11:33
12        android:largeScreens="true"
12-->src\main\AndroidManifest.xml:10:3-30
13        android:normalScreens="true"
13-->src\main\AndroidManifest.xml:9:3-31
14        android:smallScreens="true"
14-->src\main\AndroidManifest.xml:8:3-30
15        android:xlargeScreens="true" />
15-->src\main\AndroidManifest.xml:11:3-31
16
17    <uses-permission android:name="android.permission.READ_EXTERNAL_STORAGE" />
17-->src\main\AndroidManifest.xml:13:2-76
17-->src\main\AndroidManifest.xml:13:19-74
18    <uses-permission android:name="android.permission.WRITE_EXTERNAL_STORAGE" />
18-->src\main\AndroidManifest.xml:14:2-77
18-->src\main\AndroidManifest.xml:14:19-75
19    <uses-permission android:name="android.permission.INTERNET" />
19-->src\main\AndroidManifest.xml:15:2-63
19-->src\main\AndroidManifest.xml:15:19-61
20    <uses-permission android:name="android.permission.ACCESS_NETWORK_STATE" />
20-->src\main\AndroidManifest.xml:16:2-75
20-->src\main\AndroidManifest.xml:16:19-73
21	//iconos de icons8.com//
22    <uses-feature
22-->[com.google.android.gms:play-services-maps:18.0.2] AndroidManifest.xml:26:5-28:35
23        android:glEsVersion="0x00020000"
23-->[com.google.android.gms:play-services-maps:18.0.2] AndroidManifest.xml:27:9-41
24        android:required="true" />
24-->[com.google.android.gms:play-services-maps:18.0.2] AndroidManifest.xml:28:9-32
25
26    <queries>
26-->[com.google.android.gms:play-services-maps:18.0.2] AndroidManifest.xml:30:5-34:15
27
28        <!-- Needs to be explicitly declared on Android R+ -->
29        <package android:name="com.google.android.apps.maps" />
29-->[com.google.android.gms:play-services-maps:18.0.2] AndroidManifest.xml:33:9-64
29-->[com.google.android.gms:play-services-maps:18.0.2] AndroidManifest.xml:33:18-61
30    </queries>
31
32    <uses-permission android:name="android.permission.WAKE_LOCK" /> <!-- Required by older versions of Google Play services to create IID tokens -->
32-->[com.google.firebase:firebase-iid:20.0.2] AndroidManifest.xml:24:5-68
32-->[com.google.firebase:firebase-iid:20.0.2] AndroidManifest.xml:24:22-65
33    <uses-permission android:name="com.google.android.c2dm.permission.RECEIVE" />
33-->[com.google.firebase:firebase-iid:20.0.2] AndroidManifest.xml:26:5-82
33-->[com.google.firebase:firebase-iid:20.0.2] AndroidManifest.xml:26:22-79
34    <uses-permission android:name="android.permission.CAMERA" />
34-->[:camera:] AndroidManifest.xml:10:5-65
34-->[:camera:] AndroidManifest.xml:10:22-62
35    <uses-permission android:name="com.google.android.providers.gsf.permission.READ_GSERVICES" />
35-->[:nativescript_google_maps_sdk:] AndroidManifest.xml:10:5-98
35-->[:nativescript_google_maps_sdk:] AndroidManifest.xml:10:22-95
36
37    <application
37-->src\main\AndroidManifest.xml:19:2-51:16
38        android:name="com.tns.NativeScriptApplication"
38-->src\main\AndroidManifest.xml:20:3-49
39        android:allowBackup="true"
39-->src\main\AndroidManifest.xml:21:3-29
40        android:appComponentFactory="androidx.core.app.CoreComponentFactory"
40-->[androidx.core:core:1.2.0] AndroidManifest.xml:24:18-86
41        android:debuggable="true"
42        android:hardwareAccelerated="true"
42-->src\main\AndroidManifest.xml:25:3-37
43        android:icon="@mipmap/icon"
43-->src\main\AndroidManifest.xml:22:3-30
44        android:label="@string/app_name"
44-->src\main\AndroidManifest.xml:23:3-35
45        android:theme="@style/AppTheme"
45-->src\main\AndroidManifest.xml:24:3-34
46        android:usesCleartextTraffic="true" >
46-->src\main\AndroidManifest.xml:26:3-38
47        <meta-data
47-->src\main\AndroidManifest.xml:27:3-29:64
48            android:name="com.google.android.geo.API_KEY"
48-->src\main\AndroidManifest.xml:28:5-50
49            android:value="@string/nativescript_google_maps_api_key" />
49-->src\main\AndroidManifest.xml:29:5-61
50
51        <uses-library
51-->src\main\AndroidManifest.xml:30:2-32:32
52            android:name="org.apache.http.legacy"
52-->src\main\AndroidManifest.xml:31:5-42
53            android:required="false" />
53-->src\main\AndroidManifest.xml:32:5-29
54
55        <activity
55-->src\main\AndroidManifest.xml:34:3-49:14
56            android:name="com.tns.NativeScriptActivity"
56-->src\main\AndroidManifest.xml:35:4-47
57            android:configChanges="keyboard|keyboardHidden|orientation|screenSize|smallestScreenSize|screenLayout|locale|uiMode"
57-->src\main\AndroidManifest.xml:37:4-120
58            android:exported="true"
58-->src\main\AndroidManifest.xml:41:4-27
59            android:hardwareAccelerated="true"
59-->src\main\AndroidManifest.xml:39:4-38
60            android:label="@string/title_activity_kimera"
60-->src\main\AndroidManifest.xml:36:4-49
61            android:launchMode="singleTask"
61-->src\main\AndroidManifest.xml:40:9-40
62            android:theme="@style/LaunchScreenTheme" >
62-->src\main\AndroidManifest.xml:38:4-44
63            <meta-data
63-->src\main\AndroidManifest.xml:43:4-87
64                android:name="SET_THEME_ON_LAUNCH"
64-->src\main\AndroidManifest.xml:43:15-49
65                android:resource="@style/AppTheme" />
65-->src\main\AndroidManifest.xml:43:50-84
66
67            <intent-filter>
67-->src\main\AndroidManifest.xml:45:4-48:20
68                <action android:name="android.intent.action.MAIN" />
68-->src\main\AndroidManifest.xml:46:5-57
68-->src\main\AndroidManifest.xml:46:13-54
69
70                <category android:name="android.intent.category.LAUNCHER" />
70-->src\main\AndroidManifest.xml:47:5-65
70-->src\main\AndroidManifest.xml:47:15-62
71            </intent-filter>
72        </activity>
73        <activity android:name="com.tns.ErrorReportActivity" />
73-->src\main\AndroidManifest.xml:50:3-57
73-->src\main\AndroidManifest.xml:50:13-55
74        <!--
75             FirebaseMessagingService performs security checks at runtime,
76             but set to not exported to explicitly avoid allowing another app to call it.
77        -->
78        <service
78-->[com.google.firebase:firebase-messaging:20.1.0] AndroidManifest.xml:28:9-34:19
79            android:name="com.google.firebase.messaging.FirebaseMessagingService"
79-->[com.google.firebase:firebase-messaging:20.1.0] AndroidManifest.xml:29:13-82
80            android:exported="false" >
80-->[com.google.firebase:firebase-messaging:20.1.0] AndroidManifest.xml:30:13-37
81            <intent-filter android:priority="-500" >
81-->[com.google.firebase:firebase-messaging:20.1.0] AndroidManifest.xml:31:13-33:29
81-->[com.google.firebase:firebase-messaging:20.1.0] AndroidManifest.xml:31:28-51
82                <action android:name="com.google.firebase.MESSAGING_EVENT" />
82-->[com.google.firebase:firebase-messaging:20.1.0] AndroidManifest.xml:32:17-78
82-->[com.google.firebase:firebase-messaging:20.1.0] AndroidManifest.xml:32:25-75
83            </intent-filter>
84        </service>
85        <service
85-->[com.google.firebase:firebase-messaging:20.1.0] AndroidManifest.xml:35:9-41:19
86            android:name="com.google.firebase.components.ComponentDiscoveryService"
86-->[com.google.firebase:firebase-messaging:20.1.0] AndroidManifest.xml:36:13-84
87            android:directBootAware="true"
87-->[com.google.firebase:firebase-common:19.3.0] AndroidManifest.xml:34:13-43
88            android:exported="false" >
88-->[com.google.firebase:firebase-messaging:20.1.0] AndroidManifest.xml:37:13-37
89            <meta-data
89-->[com.google.firebase:firebase-messaging:20.1.0] AndroidManifest.xml:38:13-40:85
90                android:name="com.google.firebase.components:com.google.firebase.messaging.FirebaseMessagingRegistrar"
90-->[com.google.firebase:firebase-messaging:20.1.0] AndroidManifest.xml:39:17-119
91                android:value="com.google.firebase.components.ComponentRegistrar" />
91-->[com.google.firebase:firebase-messaging:20.1.0] AndroidManifest.xml:40:17-82
92            <meta-data
92-->[com.google.firebase:firebase-iid:20.0.2] AndroidManifest.xml:32:13-34:85
93                android:name="com.google.firebase.components:com.google.firebase.iid.Registrar"
93-->[com.google.firebase:firebase-iid:20.0.2] AndroidManifest.xml:33:17-96
94                android:value="com.google.firebase.components.ComponentRegistrar" />
94-->[com.google.firebase:firebase-iid:20.0.2] AndroidManifest.xml:34:17-82
95            <meta-data
95-->[com.google.firebase:firebase-datatransport:17.0.3] AndroidManifest.xml:28:13-30:85
96                android:name="com.google.firebase.components:com.google.firebase.datatransport.TransportRegistrar"
96-->[com.google.firebase:firebase-datatransport:17.0.3] AndroidManifest.xml:29:17-115
97                android:value="com.google.firebase.components.ComponentRegistrar" />
97-->[com.google.firebase:firebase-datatransport:17.0.3] AndroidManifest.xml:30:17-82
98        </service>
99
100        <receiver
100-->[com.google.firebase:firebase-iid:20.0.2] AndroidManifest.xml:37:9-44:20
101            android:name="com.google.firebase.iid.FirebaseInstanceIdReceiver"
101-->[com.google.firebase:firebase-iid:20.0.2] AndroidManifest.xml:38:13-78
102            android:exported="true"
102-->[com.google.firebase:firebase-iid:20.0.2] AndroidManifest.xml:39:13-36
103            android:permission="com.google.android.c2dm.permission.SEND" >
103-->[com.google.firebase:firebase-iid:20.0.2] AndroidManifest.xml:40:13-73
104            <intent-filter>
104-->[com.google.firebase:firebase-iid:20.0.2] AndroidManifest.xml:41:13-43:29
105                <action android:name="com.google.android.c2dm.intent.RECEIVE" />
105-->[com.google.firebase:firebase-iid:20.0.2] AndroidManifest.xml:42:17-81
105-->[com.google.firebase:firebase-iid:20.0.2] AndroidManifest.xml:42:25-78
106            </intent-filter>
107        </receiver>
108
109        <activity
109-->[com.google.android.gms:play-services-base:18.0.1] AndroidManifest.xml:20:9-22:45
110            android:name="com.google.android.gms.common.api.GoogleApiActivity"
110-->[com.google.android.gms:play-services-base:18.0.1] AndroidManifest.xml:20:19-85
111            android:exported="false"
111-->[com.google.android.gms:play-services-base:18.0.1] AndroidManifest.xml:22:19-43
112            android:theme="@android:style/Theme.Translucent.NoTitleBar" />
112-->[com.google.android.gms:play-services-base:18.0.1] AndroidManifest.xml:21:19-78
113
114        <provider
114-->[com.google.firebase:firebase-common:19.3.0] AndroidManifest.xml:26:9-30:39
115            android:name="com.google.firebase.provider.FirebaseInitProvider"
115-->[com.google.firebase:firebase-common:19.3.0] AndroidManifest.xml:27:13-77
116            android:authorities="org.nativescript.prueba.firebaseinitprovider"
116-->[com.google.firebase:firebase-common:19.3.0] AndroidManifest.xml:28:13-72
117            android:exported="false"
117-->[com.google.firebase:firebase-common:19.3.0] AndroidManifest.xml:29:13-37
118            android:initOrder="100" />
118-->[com.google.firebase:firebase-common:19.3.0] AndroidManifest.xml:30:13-36
119
120        <meta-data
120-->[com.google.android.gms:play-services-basement:18.0.0] AndroidManifest.xml:21:9-23:69
121            android:name="com.google.android.gms.version"
121-->[com.google.android.gms:play-services-basement:18.0.0] AndroidManifest.xml:22:13-58
122            android:value="@integer/google_play_services_version" />
122-->[com.google.android.gms:play-services-basement:18.0.0] AndroidManifest.xml:23:13-66
123
124        <provider
124-->[:camera:] AndroidManifest.xml:13:9-22:20
125            android:name="androidx.core.content.FileProvider"
125-->[:camera:] AndroidManifest.xml:14:13-62
126            android:authorities="org.nativescript.prueba.provider"
126-->[:camera:] AndroidManifest.xml:15:13-60
127            android:exported="false"
127-->[:camera:] AndroidManifest.xml:16:13-37
128            android:grantUriPermissions="true" >
128-->[:camera:] AndroidManifest.xml:17:13-47
129            <meta-data
129-->[:camera:] AndroidManifest.xml:18:13-21:52
130                android:name="android.support.FILE_PROVIDER_PATHS"
130-->[:camera:] AndroidManifest.xml:19:17-67
131                android:resource="@xml/provider_paths" />
131-->[:camera:] AndroidManifest.xml:20:17-55
132        </provider>
133
134        <service android:name="org.nativescript.plugins.firebase.MyFirebaseMessagingService" >
134-->[:firebase-release:] AndroidManifest.xml:13:9-17:19
134-->[:firebase-release:] AndroidManifest.xml:13:18-93
135            <intent-filter>
135-->[com.google.firebase:firebase-messaging:20.1.0] AndroidManifest.xml:31:13-33:29
136                <action android:name="com.google.firebase.MESSAGING_EVENT" />
136-->[com.google.firebase:firebase-messaging:20.1.0] AndroidManifest.xml:32:17-78
136-->[com.google.firebase:firebase-messaging:20.1.0] AndroidManifest.xml:32:25-75
137            </intent-filter>
138        </service>
139        <service android:name="org.nativescript.plugins.firebase.MyFirebaseInstanceIDService" >
139-->[:firebase-release:] AndroidManifest.xml:18:9-22:19
139-->[:firebase-release:] AndroidManifest.xml:18:18-94
140            <intent-filter>
140-->[:firebase-release:] AndroidManifest.xml:19:13-21:29
141                <action android:name="com.google.firebase.INSTANCE_ID_EVENT" />
141-->[:firebase-release:] AndroidManifest.xml:20:17-80
141-->[:firebase-release:] AndroidManifest.xml:20:25-77
142            </intent-filter>
143        </service>
144        <service
144-->[com.google.android.datatransport:transport-backend-cct:2.2.0] AndroidManifest.xml:29:9-35:19
145            android:name="com.google.android.datatransport.runtime.backends.TransportBackendDiscovery"
145-->[com.google.android.datatransport:transport-backend-cct:2.2.0] AndroidManifest.xml:30:13-103
146            android:exported="false" >
146-->[com.google.android.datatransport:transport-backend-cct:2.2.0] AndroidManifest.xml:31:13-37
147            <meta-data
147-->[com.google.android.datatransport:transport-backend-cct:2.2.0] AndroidManifest.xml:32:13-34:39
148                android:name="backend:com.google.android.datatransport.cct.CctBackendFactory"
148-->[com.google.android.datatransport:transport-backend-cct:2.2.0] AndroidManifest.xml:33:17-94
149                android:value="cct" />
149-->[com.google.android.datatransport:transport-backend-cct:2.2.0] AndroidManifest.xml:34:17-36
150        </service>
151        <service
151-->[com.google.android.datatransport:transport-runtime:2.2.0] AndroidManifest.xml:26:9-30:19
152            android:name="com.google.android.datatransport.runtime.scheduling.jobscheduling.JobInfoSchedulerService"
152-->[com.google.android.datatransport:transport-runtime:2.2.0] AndroidManifest.xml:27:13-117
153            android:exported="false"
153-->[com.google.android.datatransport:transport-runtime:2.2.0] AndroidManifest.xml:28:13-37
154            android:permission="android.permission.BIND_JOB_SERVICE" >
154-->[com.google.android.datatransport:transport-runtime:2.2.0] AndroidManifest.xml:29:13-69
155        </service>
156
157        <receiver
157-->[com.google.android.datatransport:transport-runtime:2.2.0] AndroidManifest.xml:32:9-34:40
158            android:name="com.google.android.datatransport.runtime.scheduling.jobscheduling.AlarmManagerSchedulerBroadcastReceiver"
158-->[com.google.android.datatransport:transport-runtime:2.2.0] AndroidManifest.xml:33:13-132
159            android:exported="false" />
159-->[com.google.android.datatransport:transport-runtime:2.2.0] AndroidManifest.xml:34:13-37
160    </application>
161
162</manifest>